0 info it worked if it ends with ok
1 verbose cli [ 'node', '/usr/local/bin/npm', 'start' ]
2 info using npm@3.7.0
3 info using node@v0.10.34
4 verbose run-script [ 'prestart', 'start', 'poststart' ]
5 info lifecycle cv@1.0.0~prestart: cv@1.0.0
6 silly lifecycle cv@1.0.0~prestart: no script for prestart, continuing
7 info lifecycle cv@1.0.0~start: cv@1.0.0
8 verbose lifecycle cv@1.0.0~start: unsafe-perm in lifecycle true
9 verbose lifecycle cv@1.0.0~start: PATH: /usr/local/lib/node_modules/npm/bin/node-gyp-bin:/Users/richard/Developer/Javascript/cv/node_modules/.bin:/usr/local/bin:/usr/local/bin:/usr/bin:/bin:/usr/sbin:/sbin:/usr/texbin
10 verbose lifecycle cv@1.0.0~start: CWD: /Users/richard/Developer/Javascript/cv
11 silly lifecycle cv@1.0.0~start: Args: [ '-c', 'gulp dev && nodemon dist/server/app.js' ]
12 silly lifecycle cv@1.0.0~start: Returned: code: 8  signal: null
13 info lifecycle cv@1.0.0~start: Failed to exec start script
14 verbose stack Error: cv@1.0.0 start: `gulp dev && nodemon dist/server/app.js`
14 verbose stack Exit status 8
14 verbose stack     at EventEmitter.<anonymous> (/usr/local/lib/node_modules/npm/lib/utils/lifecycle.js:239:16)
14 verbose stack     at EventEmitter.emit (events.js:98:17)
14 verbose stack     at ChildProcess.<anonymous> (/usr/local/lib/node_modules/npm/lib/utils/spawn.js:24:14)
14 verbose stack     at ChildProcess.emit (events.js:98:17)
14 verbose stack     at maybeClose (child_process.js:766:16)
14 verbose stack     at Process.ChildProcess._handle.onexit (child_process.js:833:5)
15 verbose pkgid cv@1.0.0
16 verbose cwd /Users/richard/Developer/Javascript/cv
17 error Darwin 15.3.0
18 error argv "node" "/usr/local/bin/npm" "start"
19 error node v0.10.34
20 error npm  v3.7.0
21 error code ELIFECYCLE
22 error cv@1.0.0 start: `gulp dev && nodemon dist/server/app.js`
22 error Exit status 8
23 error Failed at the cv@1.0.0 start script 'gulp dev && nodemon dist/server/app.js'.
23 error Make sure you have the latest version of node.js and npm installed.
23 error If you do, this is most likely a problem with the cv package,
23 error not with npm itself.
23 error Tell the author that this fails on your system:
23 error     gulp dev && nodemon dist/server/app.js
23 error You can get information on how to open an issue for this project with:
23 error     npm bugs cv
23 error Or if that isn't available, you can get their info via:
23 error     npm owner ls cv
23 error There is likely additional logging output above.
24 verbose exit [ 1, true ]
